#
# There is insufficient memory for the Java Runtime Environment to continue.
# Native memory allocation (malloc) failed to allocate 1510096 bytes for Chunk::new
# Possible reasons:
#   The system is out of physical RAM or swap space
#   In 32 bit mode, the process size limit was hit
# Possible solutions:
#   Reduce memory load on the system
#   Increase physical memory or swap space
#   Check if swap backing store is full
#   Use 64 bit Java on a 64 bit OS
#   Decrease Java heap size (-Xmx/-Xms)
#   Decrease number of Java threads
#   Decrease Java thread stack sizes (-Xss)
#   Set larger code cache with -XX:ReservedCodeCacheSize=
# This output file may be truncated or incomplete.
#
#  Out of Memory Error (allocation.cpp:390), pid=11456, tid=11636
#
# JRE version: Java(TM) SE Runtime Environment (8.0_60-b27) (build 1.8.0_60-b27)
# Java VM: Java HotSpot(TM) 64-Bit Server VM (25.60-b23 mixed mode windows-amd64 compressed oops)
# Failed to write core dump. Minidumps are not enabled by default on client versions of Windows
#

---------------  T H R E A D  ---------------

Current thread (0x0000000056312800):  JavaThread "C2 CompilerThread0" daemon [_thread_in_native, id=11636, stack(0x0000000056890000,0x0000000056990000)]

Stack: [0x0000000056890000,0x0000000056990000]
[error occurred during error reporting (printing stack bounds), id 0xc0000005]

Native frames: (J=compiled Java code, j=interpreted, Vv=VM code, C=native code)


Current CompileTask:
C2:12449296 11360   !   4       org.gradle.api.internal.AbstractClassGenerator::generateUnderLock (1037 bytes)


---------------  P R O C E S S  ---------------

Java Threads: ( => current thread )
  0x000000005b436000 JavaThread "Stdin handler" [_thread_blocked, id=6904, stack(0x000000005ff30000,0x0000000060030000)]
  0x000000005b433000 JavaThread "Daemon worker Thread 9" [_thread_in_vm, id=10652, stack(0x000000005d010000,0x000000005d110000)]
  0x000000005b432800 JavaThread "Cancel handler" [_thread_blocked, id=11516, stack(0x0000000059260000,0x0000000059360000)]
  0x000000005b435800 JavaThread "Handler for socket connection from /127.0.0.1:55393 to /127.0.0.1:64488" [_thread_in_native, id=12704, stack(0x0000000058bd0000,0x0000000058cd0000)]
  0x000000005b431800 JavaThread "Daemon Thread 9" [_thread_blocked, id=11328, stack(0x0000000059040000,0x0000000059140000)]
  0x000000005ae30800 JavaThread "File lock request listener" [_thread_in_native, id=4156, stack(0x000000005d1d0000,0x000000005d2d0000)]
  0x0000000057a7b000 JavaThread "Incoming local TCP Connector on port 55393" [_thread_in_native, id=3076, stack(0x0000000058d40000,0x0000000058e40000)]
  0x000000005639e800 JavaThread "Service Thread" daemon [_thread_blocked, id=7968, stack(0x0000000056f10000,0x0000000057010000)]
  0x000000005631a800 JavaThread "C1 CompilerThread2" daemon [_thread_blocked, id=9728, stack(0x0000000056c30000,0x0000000056d30000)]
  0x0000000056319000 JavaThread "C2 CompilerThread1" daemon [_thread_blocked, id=13116, stack(0x0000000056b20000,0x0000000056c20000)]
=>0x0000000056312800 JavaThread "C2 CompilerThread0" daemon [_thread_in_native, id=11636, stack(0x0000000056890000,0x0000000056990000)]
  0x0000000054f05000 JavaThread "Attach Listener" daemon [_thread_blocked, id=12756, stack(0x0000000056990000,0x0000000056a90000)]
  0x0000000054f03800 JavaThread "Signal Dispatcher" daemon [_thread_blocked, id=10932, stack(0x0000000056790000,0x0000000056890000)]
  0x0000000054ea9800 JavaThread "Finalizer" daemon [_thread_blocked, id=10960, stack(0x0000000056210000,0x0000000056310000)]
  0x0000000054ea2800 JavaThread "Reference Handler" daemon [_thread_blocked, id=10128, stack(0x0000000055f70000,0x0000000056070000)]
  0x0000000001f58800 JavaThread "main" [_thread_blocked, id=11120, stack(0x0000000002350000,0x0000000002450000)]

Other Threads:
  0x0000000054e9d000 VMThread [stack: 0x00000000560f0000,0x00000000561f0000] [id=12392]
  0x00000000563c3800 WatcherThread [stack: 0x0000000056d30000,0x0000000056e30000] [id=10940]

VM state:not at safepoint (normal execution)

VM Mutex/Monitor currently owned by a thread: None

Heap:
 PSYoungGen      total 228352K, used 56839K [0x00000000eab00000, 0x00000000fd280000, 0x0000000100000000)
  eden space 215552K, 26% used [0x00000000eab00000,0x00000000ee281dd0,0x00000000f7d80000)
  from space 12800K, 0% used [0x00000000f7d80000,0x00000000f7d80000,0x00000000f8a00000)
  to   space 43520K, 0% used [0x00000000fa800000,0x00000000fa800000,0x00000000fd280000)
 ParOldGen       total 95232K, used 82467K [0x00000000c0000000, 0x00000000c5d00000, 0x00000000eab00000)
  object space 95232K, 86% used [0x00000000c0000000,0x00000000c5088c28,0x00000000c5d00000)
 Metaspace       used 88981K, capacity 92882K, committed 93312K, reserved 1128448K
  class space    used 12594K, capacity 13861K, committed 13952K, reserved 1048576K

Card table byte_map: [0x0000000011ae0000,0x0000000011cf0000] byte_map_base: 0x00000000114e0000

Marking Bits: (ParMarkBitMap*) 0x00000000708ca5b0
 Begin Bits: [0x0000000012310000, 0x0000000013310000)
 End Bits:   [0x0000000013310000, 0x0000000014310000)

Polling page: 0x0000000000130000

CodeCache: size=245760Kb used=30772Kb max_used=30868Kb free=214987Kb
 bounds [0x0000000002720000, 0x0000000004580000, 0x0000000011720000]
 total_blobs=9146 nmethods=8463 adapters=594
 compilation: enabled

Compilation events (10 events):
Event: 12445.031 Thread 0x000000005631a800 nmethod 11366 0x0000000004533550 code [0x00000000045336e0, 0x0000000004533a28]
Event: 12445.031 Thread 0x000000005631a800 11367       1       com.android.build.gradle.internal.api.DefaultAndroidSourceSet::getName (5 bytes)
Event: 12445.031 Thread 0x000000005631a800 nmethod 11367 0x000000000453be10 code [0x000000000453bf60, 0x000000000453c070]
Event: 12445.234 Thread 0x000000005631a800 11369       1       org.gradle.api.internal.AbstractClassGenerator$ClassMetaData::access$100 (5 bytes)
Event: 12445.234 Thread 0x000000005631a800 nmethod 11369 0x0000000004533290 code [0x00000000045333e0, 0x00000000045334d0]
Event: 12445.576 Thread 0x0000000056319000 nmethod 11363 0x0000000004563e10 code [0x0000000004564520, 0x000000000456ce08]
Event: 12445.585 Thread 0x0000000056319000 11368  s    4       java.io.DataOutputStream::write (16 bytes)
Event: 12445.587 Thread 0x0000000056319000 nmethod 11368 0x0000000002a21ed0 code [0x0000000002a22020, 0x0000000002a22338]
Event: 12445.600 Thread 0x0000000056319000 11365   !   4       org.codehaus.groovy.runtime.callsite.PojoMetaMethodSite::checkCall (56 bytes)
Event: 12445.602 Thread 0x0000000056319000 nmethod 11365 0x0000000002b37f50 code [0x0000000002b380a0, 0x0000000002b38338]

GC Heap History (10 events):
Event: 4617.429 GC heap before
{Heap before GC invocations=27 (full 6):
 PSYoungGen      total 262144K, used 105796K [0x00000000eab00000, 0x00000000ff080000, 0x0000000100000000)
  eden space 224256K, 30% used [0x00000000eab00000,0x00000000eed52808,0x00000000f8600000)
  from space 37888K, 99% used [0x00000000fcb80000,0x00000000ff07e8c0,0x00000000ff080000)
  to   space 44032K, 0% used [0x00000000f9a80000,0x00000000f9a80000,0x00000000fc580000)
 ParOldGen       total 95232K, used 55418K [0x00000000c0000000, 0x00000000c5d00000, 0x00000000eab00000)
  object space 95232K, 58% used [0x00000000c0000000,0x00000000c361eb50,0x00000000c5d00000)
 Metaspace       used 79610K, capacity 82628K, committed 86528K, reserved 1122304K
  class space    used 11208K, capacity 12128K, committed 13056K, reserved 1048576K
Event: 4617.454 GC heap after
Heap after GC invocations=27 (full 6):
 PSYoungGen      total 254976K, used 30483K [0x00000000eab00000, 0x00000000fdf00000, 0x0000000100000000)
  eden space 224256K, 0% used [0x00000000eab00000,0x00000000eab00000,0x00000000f8600000)
  from space 30720K, 99% used [0x00000000f9a80000,0x00000000fb844d40,0x00000000fb880000)
  to   space 39424K, 0% used [0x00000000fb880000,0x00000000fb880000,0x00000000fdf00000)
 ParOldGen       total 95232K, used 55418K [0x00000000c0000000, 0x00000000c5d00000, 0x00000000eab00000)
  object space 95232K, 58% used [0x00000000c0000000,0x00000000c361eb50,0x00000000c5d00000)
 Metaspace       used 79610K, capacity 82628K, committed 86528K, reserved 1122304K
  class space    used 11208K, capacity 12128K, committed 13056K, reserved 1048576K
}
Event: 4617.455 GC heap before
{Heap before GC invocations=28 (full 7):
 PSYoungGen      total 254976K, used 30483K [0x00000000eab00000, 0x00000000fdf00000, 0x0000000100000000)
  eden space 224256K, 0% used [0x00000000eab00000,0x00000000eab00000,0x00000000f8600000)
  from space 30720K, 99% used [0x00000000f9a80000,0x00000000fb844d40,0x00000000fb880000)
  to   space 39424K, 0% used [0x00000000fb880000,0x00000000fb880000,0x00000000fdf00000)
 ParOldGen       total 95232K, used 55418K [0x00000000c0000000, 0x00000000c5d00000, 0x00000000eab00000)
  object space 95232K, 58% used [0x00000000c0000000,0x00000000c361eb50,0x00000000c5d00000)
 Metaspace       used 79610K, capacity 82628K, committed 86528K, reserved 1122304K
  class space    used 11208K, capacity 12128K, committed 13056K, reserved 1048576K
Event: 4617.737 GC heap after
Heap after GC invocations=28 (full 7):
 PSYoungGen      total 254976K, used 0K [0x00000000eab00000, 0x00000000fdf00000, 0x0000000100000000)
  eden space 224256K, 0% used [0x00000000eab00000,0x00000000eab00000,0x00000000f8600000)
  from space 30720K, 0% used [0x00000000f9a80000,0x00000000f9a80000,0x00000000fb880000)
  to   space 39424K, 0% used [0x00000000fb880000,0x00000000fb880000,0x00000000fdf00000)
 ParOldGen       total 95232K, used 70945K [0x00000000c0000000, 0x00000000c5d00000, 0x00000000eab00000)
  object space 95232K, 74% used [0x00000000c0000000,0x00000000c4548708,0x00000000c5d00000)
 Metaspace       used 79575K, capacity 82514K, committed 86528K, reserved 1122304K
  class space    used 11201K, capacity 12094K, committed 13056K, reserved 1048576K
}
Event: 4824.688 GC heap before
{Heap before GC invocations=29 (full 7):
 PSYoungGen      total 254976K, used 224256K [0x00000000eab00000, 0x00000000fdf00000, 0x0000000100000000)
  eden space 224256K, 100% used [0x00000000eab00000,0x00000000f8600000,0x00000000f8600000)
  from space 30720K, 0% used [0x00000000f9a80000,0x00000000f9a80000,0x00000000fb880000)
  to   space 39424K, 0% used [0x00000000fb880000,0x00000000fb880000,0x00000000fdf00000)
 ParOldGen       total 95232K, used 70945K [0x00000000c0000000, 0x00000000c5d00000, 0x00000000eab00000)
  object space 95232K, 74% used [0x00000000c0000000,0x00000000c4548708,0x00000000c5d00000)
 Metaspace       used 86242K, capacity 89882K, committed 90240K, reserved 1126400K
  class space    used 12222K, capacity 13349K, committed 13440K, reserved 1048576K
Event: 4824.710 GC heap after
Heap after GC invocations=29 (full 7):
 PSYoungGen      total 243200K, used 23908K [0x00000000eab00000, 0x00000000fd380000, 0x0000000100000000)
  eden space 215552K, 0% used [0x00000000eab00000,0x00000000eab00000,0x00000000f7d80000)
  from space 27648K, 86% used [0x00000000fb880000,0x00000000fcfd91f8,0x00000000fd380000)
  to   space 44032K, 0% used [0x00000000f7d80000,0x00000000f7d80000,0x00000000fa880000)
 ParOldGen       total 95232K, used 70953K [0x00000000c0000000, 0x00000000c5d00000, 0x00000000eab00000)
  object space 95232K, 74% used [0x00000000c0000000,0x00000000c454a708,0x00000000c5d00000)
 Metaspace       used 86242K, capacity 89882K, committed 90240K, reserved 1126400K
  class space    used 12222K, capacity 13349K, committed 13440K, reserved 1048576K
}
Event: 4825.375 GC heap before
{Heap before GC invocations=30 (full 7):
 PSYoungGen      total 243200K, used 33800K [0x00000000eab00000, 0x00000000fd380000, 0x0000000100000000)
  eden space 215552K, 4% used [0x00000000eab00000,0x00000000eb4a8ef0,0x00000000f7d80000)
  from space 27648K, 86% used [0x00000000fb880000,0x00000000fcfd91f8,0x00000000fd380000)
  to   space 44032K, 0% used [0x00000000f7d80000,0x00000000f7d80000,0x00000000fa880000)
 ParOldGen       total 95232K, used 70953K [0x00000000c0000000, 0x00000000c5d00000, 0x00000000eab00000)
  object space 95232K, 74% used [0x00000000c0000000,0x00000000c454a708,0x00000000c5d00000)
 Metaspace       used 86267K, capacity 89906K, committed 90240K, reserved 1126400K
  class space    used 12225K, capacity 13353K, committed 13440K, reserved 1048576K
Event: 4825.388 GC heap after
Heap after GC invocations=30 (full 7):
 PSYoungGen      total 228352K, used 12560K [0x00000000eab00000, 0x00000000fd280000, 0x0000000100000000)
  eden space 215552K, 0% used [0x00000000eab00000,0x00000000eab00000,0x00000000f7d80000)
  from space 12800K, 98% used [0x00000000f7d80000,0x00000000f89c4278,0x00000000f8a00000)
  to   space 43520K, 0% used [0x00000000fa800000,0x00000000fa800000,0x00000000fd280000)
 ParOldGen       total 95232K, used 70961K [0x00000000c0000000, 0x00000000c5d00000, 0x00000000eab00000)
  object space 95232K, 74% used [0x00000000c0000000,0x00000000c454c708,0x00000000c5d00000)
 Metaspace       used 86267K, capacity 89906K, committed 90240K, reserved 1126400K
  class space    used 12225K, capacity 13353K, committed 13440K, reserved 1048576K
}
Event: 4825.388 GC heap before
{Heap before GC invocations=31 (full 8):
 PSYoungGen      total 228352K, used 12560K [0x00000000eab00000, 0x00000000fd280000, 0x0000000100000000)
  eden space 215552K, 0% used [0x00000000eab00000,0x00000000eab00000,0x00000000f7d80000)
  from space 12800K, 98% used [0x00000000f7d80000,0x00000000f89c4278,0x00000000f8a00000)
  to   space 43520K, 0% used [0x00000000fa800000,0x00000000fa800000,0x00000000fd280000)
 ParOldGen       total 95232K, used 70961K [0x00000000c0000000, 0x00000000c5d00000, 0x00000000eab00000)
  object space 95232K, 74% used [0x00000000c0000000,0x00000000c454c708,0x00000000c5d00000)
 Metaspace       used 86267K, capacity 89906K, committed 90240K, reserved 1126400K
  class space    used 12225K, capacity 13353K, committed 13440K, reserved 1048576K
Event: 4825.713 GC heap after
Heap after GC invocations=31 (full 8):
 PSYoungGen      total 228352K, used 0K [0x00000000eab00000, 0x00000000fd280000, 0x0000000100000000)
  eden space 215552K, 0% used [0x00000000eab00000,0x00000000eab00000,0x00000000f7d80000)
  from space 12800K, 0% used [0x00000000f7d80000,0x00000000f7d80000,0x00000000f8a00000)
  to   space 43520K, 0% used [0x00000000fa800000,0x00000000fa800000,0x00000000fd280000)
 ParOldGen       total 95232K, used 82467K [0x00000000c0000000, 0x00000000c5d00000, 0x00000000eab00000)
  object space 95232K, 86% used [0x00000000c0000000,0x00000000c5088c28,0x00000000c5d00000)
 Metaspace       used 86267K, capacity 89906K, committed 90240K, reserved 1126400K
  class space    used 12225K, capacity 13353K, committed 13440K, reserved 1048576K
}

Deoptimization events (10 events):
Event: 4554.427 Thread 0x000000005b432800 Uncommon trap: reason=null_check action=make_not_entrant pc=0x00000000037bed0c method=java.lang.Class.reflectionData()Ljava/lang/Class$ReflectionData; @ 24
Event: 4555.866 Thread 0x000000005b432800 Uncommon trap: reason=null_check action=make_not_entrant pc=0x0000000003af9174 method=java.beans.PropertyDescriptor.isAssignable(Ljava/lang/reflect/Method;Ljava/lang/reflect/Method;)Z @ 72
Event: 4615.796 Thread 0x0000000054ea2800 Uncommon trap: reason=unstable_if action=reinterpret pc=0x0000000002a22094 method=java.lang.ref.Reference$ReferenceHandler.run()V @ 9
Event: 4617.742 Thread 0x000000005b431800 Uncommon trap: reason=class_check action=maybe_recompile pc=0x0000000003b10584 method=java.lang.reflect.Array.newInstance(Ljava/lang/Class;I)Ljava/lang/Object; @ 2
Event: 4822.129 Thread 0x000000005b431800 Uncommon trap: reason=class_check action=maybe_recompile pc=0x0000000003b10584 method=java.lang.reflect.Array.newInstance(Ljava/lang/Class;I)Ljava/lang/Object; @ 2
Event: 4822.909 Thread 0x000000005b435800 Uncommon trap: reason=null_check action=make_not_entrant pc=0x000000000447b294 method=org.codehaus.groovy.runtime.typehandling.DefaultTypeTransformation.castToType(Ljava/lang/Object;Ljava/lang/Class;)Ljava/lang/Object; @ 28
Event: 4823.035 Thread 0x000000005b435800 Uncommon trap: reason=null_check action=make_not_entrant pc=0x000000000449a7e0 method=java.lang.Class.isEnum()Z @ 1
Event: 4825.719 Thread 0x000000005b431800 Uncommon trap: reason=class_check action=maybe_recompile pc=0x0000000003b10584 method=java.lang.reflect.Array.newInstance(Ljava/lang/Class;I)Ljava/lang/Object; @ 2
Event: 12442.632 Thread 0x000000005b431800 Uncommon trap: reason=class_check action=maybe_recompile pc=0x0000000003b10584 method=java.lang.reflect.Array.newInstance(Ljava/lang/Class;I)Ljava/lang/Object; @ 2
Event: 12443.773 Thread 0x000000005b433000 Uncommon trap: reason=null_check action=make_not_entrant pc=0x000000000450be60 method=org.gradle.api.internal.AbstractClassGenerator.generateUnderLock(Ljava/lang/Class;)Ljava/lang/Class; @ 789

Internal exceptions (10 events):
Event: 12445.410 Thread 0x000000005b433000 Exception <a 'java/lang/ClassNotFoundException': com/android/build/gradle/tasks/Lint_DecoratedBeanInfo> (0x00000000eddf16d0) thrown at [C:\re\workspace\8-2-build-windows-amd64-cygwin\jdk8u60\4407\hotspot\src\share\vm\classfile\systemDictionary.cpp, line 21Í–A{¥N»@
Event: 12445.410 Thread 0x000000005b433000 Exception <a 'java/lang/ClassNotFoundException': com/android/build/gradle/tasks/LintBeanInfo> (0x00000000eddfdbc8) thrown at [C:\re\workspace\8-2-build-windows-amd64-cygwin\jdk8u60\4407\hotspot\src\share\vm\classfile\systemDictionary.cpp, line 210]
Event: 12445.410 Thread 0x000000005b433000 Exception <a 'java/lang/ClassNotFoundException': com/android/build/gradle/internal/tasks/BaseTaskBeanInfo> (0x00000000ede0c798) thrown at [C:\re\workspace\8-2-build-windows-amd64-cygwin\jdk8u60\4407\hotspot\src\share\vm\classfile\systemDictionary.cpp, line>EºÖ¥N»@
Event: 12445.410 Thread 0x000000005b433000 Exception <a 'java/lang/ClassNotFoundException': com/android/build/gradle/internal/tasks/DefaultAndroidTaskBeanInfo> (0x00000000ede1c8a0) thrown at [C:\re\workspace\8-2-build-windows-amd64-cygwin\jdk8u60\4407\hotspot\src\share\vm\classfile\systemDictionaryÒÇ3,µN»@
Event: 12445.415 Thread 0x000000005b433000 Exception <a 'java/lang/ClassNotFoundException': com/android/build/gradle/internal/tasks/DefaultAndroidTaskCustomizer> (0x00000000ede2d548) thrown at [C:\re\workspace\8-2-build-windows-amd64-cygwin\jdk8u60\4407\hotspot\src\share\vm\classfile\systemDictiona*JtS∑N»@
Event: 12445.432 Thread 0x000000005b433000 Exception <a 'java/lang/ClassNotFoundException': com/android/build/gradle/internal/tasks/BaseTaskCustomizer> (0x00000000ede4dff8) thrown at [C:\re\workspace\8-2-build-windows-amd64-cygwin\jdk8u60\4407\hotspot\src\share\vm\classfile\systemDictionary.cpp, liﬂMâ[∑N»@
Event: 12445.432 Thread 0x000000005b433000 Exception <a 'java/lang/ClassNotFoundException': com/android/build/gradle/tasks/LintCustomizer> (0x00000000ede69818) thrown at [C:\re\workspace\8-2-build-windows-amd64-cygwin\jdk8u60\4407\hotspot\src\share\vm\classfile\systemDictionary.cpp, line 210]
Event: 12445.433 Thread 0x000000005b433000 Exception <a 'java/lang/ClassNotFoundException': com/android/build/gradle/tasks/Lint_DecoratedCustomizer> (0x00000000edeb68f8) thrown at [C:\re\workspace\8-2-build-windows-amd64-cygwin\jdk8u60\4407\hotspot\src\share\vm\classfile\systemDictionary.cpp, line 
Event: 12445.589 Thread 0x000000005b433000 Exception <a 'java/lang/ClassNotFoundException': cordova_el7gsxu2bnygn52rsyt6r11iqBeanInfo> (0x00000000ee07a770) thrown at [C:\re\workspace\8-2-build-windows-amd64-cygwin\jdk8u60\4407\hotspot\src\share\vm\classfile\systemDictionary.cpp, line 210]
Event: 12445.590 Thread 0x000000005b433000 Exception <a 'java/lang/ClassNotFoundException': cordova_el7gsxu2bnygn52rsyt6r11iqCustomizer> (0x00000000ee082dc8) thrown at [C:\re\workspace\8-2-build-windows-amd64-cygwin\jdk8u60\4407\hotspot\src\share\vm\classfile\systemDictionary.cpp, line 210]

Events (10 events):
Event: 12445.743 loading class groovy/runtime/metaclass/cordova_el7gsxu2bnygn52rsyt6r11iq$_run_closure1_closure17MetaClass
Event: 12445.743 loading class groovy/runtime/metaclass/cordova_el7gsxu2bnygn52rsyt6r11iq$_run_closure1_closure17MetaClass done
Event: 12445.782 loading class groovy/runtime/metaclass/cordova_el7gsxu2bnygn52rsyt6r11iq$_run_closure1_closure18MetaClass
Event: 12445.782 loading class groovy/runtime/metaclass/cordova_el7gsxu2bnygn52rsyt6r11iq$_run_closure1_closure18MetaClass done
Event: 12445.788 loading class groovy/runtime/metaclass/cordova_el7gsxu2bnygn52rsyt6r11iq$_run_closure1_closure19MetaClass
Event: 12445.788 loading class groovy/runtime/metaclass/cordova_el7gsxu2bnygn52rsyt6r11iq$_run_closure1_closure19MetaClass done
Event: 12445.808 loading class groovy/runtime/metaclass/cordova_el7gsxu2bnygn52rsyt6r11iq$_run_closure1_closure20MetaClass
Event: 12445.808 loading class groovy/runtime/metaclass/cordova_el7gsxu2bnygn52rsyt6r11iq$_run_closure1_closure20MetaClass done
Event: 12445.870 loading class groovy/runtime/metaclass/cordova_el7gsxu2bnygn52rsyt6r11iq$_doGetProjectTarget_closure2MetaClass
Event: 12445.870 loading class groovy/runtime/metaclass/cordova_el7gsxu2bnygn52rsyt6r11iq$_doGetProjectTarget_closure2MetaClass done


Dynamic libraries:
0x000000013fa30000 - 0x000000013fa67000 	C:\Program Files\Java\jdk1.8.0_60\bin\java.exe
0x0000000076ce0000 - 0x0000000076e8a000 	C:\Windows\SYSTEM32\ntdll.dll
0x000007fef3940000 - 0x000007fef3973000 	C:\Program Files (x86)\AVG\Av\avghooka.dll
0x0000000076ac0000 - 0x0000000076bdf000 	C:\Windows\system32\kernel32.dll
0x000007fefbb10000 - 0x000007fefbb7a000 	C:\Windows\system32\KERNELBASE.dll
0x000007fefd7b0000 - 0x000007fefd88b000 	C:\Windows\system32\ADVAPI32.dll
0x000007fefdc10000 - 0x000007fefdcaf000 	C:\Windows\system32\msvcrt.dll
0x000007fefbbe0000 - 0x000007fefbbff000 	C:\Windows\SYSTEM32\sechost.dll
0x000007fefbe10000 - 0x000007fefbf3d000 	C:\Windows\system32\RPCRT4.dll
0x0000000076be0000 - 0x0000000076cda000 	C:\Windows\system32\USER32.dll
0x000007fefdb00000 - 0x000007fefdb67000 	C:\Windows\system32\GDI32.dll
0x000007fefbf50000 - 0x000007fefbf5e000 	C:\Windows\system32\LPK.dll
0x000007fefd6e0000 - 0x000007fefd7aa000 	C:\Windows\system32\USP10.dll
0x000007fefa200000 - 0x000007fefa3f4000 	C:\Windows\WinSxS\amd64_microsoft.windows.common-controls_6595b64144ccf1df_6.0.7601.18837_none_fa3b1e3d17594757\COMCTL32.dll
0x000007fefc060000 - 0x000007fefc0d1000 	C:\Windows\system32\SHLWAPI.dll
0x000007fefdd30000 - 0x000007fefdd5e000 	C:\Windows\system32\IMM32.DLL
0x000007fefd2e0000 - 0x000007fefd3e9000 	C:\Windows\system32\MSCTF.dll
0x0000000078af0000 - 0x0000000078bc2000 	C:\Program Files\Java\jdk1.8.0_60\jre\bin\msvcr100.dll
0x00000000700c0000 - 0x0000000070949000 	C:\Program Files\Java\jdk1.8.0_60\jre\bin\server\jvm.dll
0x000007fedb150000 - 0x000007fedb159000 	C:\Windows\system32\WSOCK32.dll
0x000007fefbb90000 - 0x000007fefbbdd000 	C:\Windows\system32\WS2_32.dll
0x000007fefbf40000 - 0x000007fefbf48000 	C:\Windows\system32\NSI.dll
0x000007fef96f0000 - 0x000007fef972b000 	C:\Windows\system32\WINMM.dll
0x000007fefa8c0000 - 0x000007fefa8cc000 	C:\Windows\system32\VERSION.dll
0x0000000076ea0000 - 0x0000000076ea7000 	C:\Windows\system32\PSAPI.DLL
0x0000000070b40000 - 0x0000000070b4f000 	C:\Program Files\Java\jdk1.8.0_60\jre\bin\verify.dll
0x000000006d470000 - 0x000000006d499000 	C:\Program Files\Java\jdk1.8.0_60\jre\bin\java.dll
0x0000000070050000 - 0x0000000070066000 	C:\Program Files\Java\jdk1.8.0_60\jre\bin\zip.dll
0x000007fefc0e0000 - 0x000007fefce6c000 	C:\Windows\system32\SHELL32.dll
0x000007fefbc00000 - 0x000007fefbe03000 	C:\Windows\system32\ole32.dll
0x000007fefb7d0000 - 0x000007fefb7df000 	C:\Windows\system32\profapi.dll
0x000007fefafd0000 - 0x000007fefafe8000 	C:\Windows\system32\CRYPTSP.dll
0x000007fefacd0000 - 0x000007fefad17000 	C:\Windows\system32\rsaenh.dll
0x000007fefba90000 - 0x000007fefbaae000 	C:\Windows\system32\USERENV.dll
0x000007fefb670000 - 0x000007fefb67f000 	C:\Windows\system32\CRYPTBASE.dll
0x000000006fcc0000 - 0x000000006fcda000 	C:\Program Files\Java\jdk1.8.0_60\jre\bin\net.dll
0x000007fefaf70000 - 0x000007fefafc5000 	C:\Windows\system32\mswsock.dll
0x000007fefaf60000 - 0x000007fefaf67000 	C:\Windows\System32\wship6.dll
0x000007fef8fc0000 - 0x000007fef8fe7000 	C:\Windows\system32\IPHLPAPI.DLL
0x000007fef8fb0000 - 0x000007fef8fbb000 	C:\Windows\system32\WINNSI.DLL
0x000007fef8c60000 - 0x000007fef8c71000 	C:\Windows\system32\dhcpcsvc6.DLL
0x000007fef8bc0000 - 0x000007fef8bd8000 	C:\Windows\system32\dhcpcsvc.DLL
0x000000006f6c0000 - 0x000000006f6d1000 	C:\Program Files\Java\jdk1.8.0_60\jre\bin\nio.dll
0x000007fee3050000 - 0x000007fee3062000 	C:\Users\Jesse\AppData\Local\Temp\native-platform3586354006664207546dir\native-platform.dll
0x000007fefb610000 - 0x000007fefb667000 	C:\Windows\system32\apphelp.dll
0x000000006fb70000 - 0x000000006fb7d000 	C:\Program Files\Java\jdk1.8.0_60\jre\bin\management.dll

VM Arguments:
jvm_args: -XX:MaxPermSize=256m -XX:+HeapDumpOnOutOfMemoryError -Xmx1024m -Dfile.encoding=windows-1252 -Duser.country=FR -Duser.language=fr -Duser.variant 
java_command: org.gradle.launcher.daemon.bootstrap.GradleDaemon 2.2.1 C:\Users\Jesse\.gradle\daemon 10800000 fa99966d-841c-4117-ba9d-6d63741b14a4 -XX:MaxPermSize=256m -XX:+HeapDumpOnOutOfMemoryError -Xmx1024m -Dfile.encoding=windows-1252 -Duser.country=FR -Duser.language=fr -Duser.variant
java_class_path (initial): C:\Users\Jesse\.gradle\wrapper\dists\gradle-2.2.1-all\2m8005s69iu8v0oiejfej094b\gradle-2.2.1\lib\gradle-launcher-2.2.1.jar
Launcher Type: SUN_STANDARD

Environment Variables:
JAVA_HOME=C:\Program Files\Java\jdk1.8.0_60
CLASSPATH=C:\Users\Jesse\Documents\GitHub\CHUIPALA\platforms\android\\gradle\wrapper\gradle-wrapper.jar
PATH=C:\ProgramData\Oracle\Java\javapath;C:\Program Files (x86)\Intel\iCLS Client\;C:\Program Files\Intel\iCLS Client\;C:\Windows\system32;C:\Windows;C:\Windows\System32\Wbem;C:\Program Files\Intel\Intel(R) Management Engine Components\DAL;C:\Program Files (x86)\Intel\Intel(R) Management Engine Components\DAL;C:\Program Files\Intel\Intel(R) Management Engine Components\IPT;C:\Program Files (x86)\Intel\Intel(R) Management Engine Components\IPT;C:\Program Files\TortoiseSVN\bin;C:\Program Files (x86)\Microsoft SQL Server\100\Tools\Binn\VSShell\Common7\IDE\;C:\Program Files (x86)\Microsoft SQL Server\100\Tools\Binn\;C:\Program Files\Microsoft SQL Server\100\Tools\Binn\;C:\Program Files (x86)\Microsoft SQL Server\100\DTS\Binn\;C:\Program Files\Microsoft SQL Server\110\Tools\Binn\;C:\Program Files (x86)\Microsoft SDKs\TypeScript\1.0\;C:\Program Files\Microsoft SQL Server\120\Tools\Binn\;C:\Program Files (x86)\GtkSharp\2.12\bin;C:\Program Files (x86)\Skype\Phone\;C:\Users\Jesse\.dnx\bin;C:\Program Files\Microsoft DNX\Dnvm\;C:\Program Files\Git\cmd;C:\Windows\System32\WindowsPowerShell\v1.0\;C:\Program Files\Java\jdk1.8.0_60\bin;C:\Users\Jesse\AppData\Local\Android\android-sdk\tools;C:\Users\Jesse\AppData\Local\Android\android-sdk\platform-tools;C:\apache-ant-1.9.3\bin;C:\Program Files\Git\cmd;C:\Windows\System32\WindowsPowerShell\v1.0\;C:\Program Files\Microsoft SQL Server\130\Tools\Binn\;C:\Program Files (x86)\Windows Kits\10\Windows Performance Toolkit\;C:\Program Files\nodejs\;C:\Users\Jesse\AppData\Roaming\npm
USERNAME=Jesse
OS=Windows_NT
PROCESSOR_IDENTIFIER=Intel64 Family 6 Model 60 Stepping 3, GenuineIntel



---------------  S Y S T E M  ---------------

OS: Windows 7 , 64 bit Build 7601 (6.1.7601.23418)

CPU:total 4 (4 cores per cpu, 1 threads per core) family 6 model 60 stepping 3, cmov, cx8, fxsr, mmx, sse, sse2, sse3, ssse3, sse4.1, sse4.2, popcnt, avx, avx2, aes, clmul, erms, lzcnt, tsc, tscinvbit, bmi1, bmi2

Memory: 4k page, physical 8286460k(407644k free), swap 33143980k(4868k free)

vm_info: Java HotSpot(TM) 64-Bit Server VM (25.60-b23) for windows-amd64 JRE (1.8.0_60-b27), built on Aug  4 2015 11:06:27 by "java_re" with MS VC++ 10.0 (VS2010)

time: Fri Jun 17 16:33:59 2016
elapsed time: 12446 seconds (0d 3h 27m 26s)

